0 info it worked if it ends with ok
1 verbose cli [ '/usr/bin/nodejs',
1 verbose cli   '/usr/bin/npm',
1 verbose cli   'run',
1 verbose cli   'ionic:serve',
1 verbose cli   '--',
1 verbose cli   '--v2',
1 verbose cli   '--address',
1 verbose cli   '0.0.0.0',
1 verbose cli   '--port',
1 verbose cli   '8100',
1 verbose cli   '--livereload-port',
1 verbose cli   '35729' ]
2 info using npm@3.10.9
3 info using node@v6.9.2
4 verbose run-script [ 'preionic:serve', 'ionic:serve', 'postionic:serve' ]
5 info lifecycle ionic-hello-world@~preionic:serve: ionic-hello-world@
6 silly lifecycle ionic-hello-world@~preionic:serve: no script for preionic:serve, continuing
7 info lifecycle ionic-hello-world@~ionic:serve: ionic-hello-world@
8 verbose lifecycle ionic-hello-world@~ionic:serve: unsafe-perm in lifecycle true
9 verbose lifecycle ionic-hello-world@~ionic:serve: PATH: /usr/lib/node_modules/npm/bin/node-gyp-bin:/home/w8choi/Desktop/TT/Tindertips/node_modules/.bin:/usr/local/heroku/bin:/home/w8choi/bin:/home/w8choi/.local/bin:/usr/local/sbin:/usr/local/bin:/usr/sbin:/usr/bin:/sbin:/bin:/usr/games:/usr/local/games:/snap/bin
10 verbose lifecycle ionic-hello-world@~ionic:serve: CWD: /home/w8choi/Desktop/TT/Tindertips
11 silly lifecycle ionic-hello-world@~ionic:serve: Args: [ '-c',
11 silly lifecycle   'ionic-app-scripts serve "--v2" "--address" "0.0.0.0" "--port" "8100" "--livereload-port" "35729"' ]
12 info lifecycle ionic-hello-world@~ionic:serve: Failed to exec ionic:serve script
13 verbose stack Error: ionic-hello-world@ ionic:serve: `ionic-app-scripts serve "--v2" "--address" "0.0.0.0" "--port" "8100" "--livereload-port" "35729"`
13 verbose stack spawn ENOENT
13 verbose stack     at ChildProcess.<anonymous> (/usr/lib/node_modules/npm/lib/utils/spawn.js:33:16)
13 verbose stack     at emitTwo (events.js:106:13)
13 verbose stack     at ChildProcess.emit (events.js:191:7)
13 verbose stack     at maybeClose (internal/child_process.js:877:16)
13 verbose stack     at Process.ChildProcess._handle.onexit (internal/child_process.js:226:5)
14 verbose pkgid ionic-hello-world@
15 verbose cwd /home/w8choi/Desktop/TT/Tindertips
16 error Linux 4.4.0-57-generic
17 error argv "/usr/bin/nodejs" "/usr/bin/npm" "run" "ionic:serve" "--" "--v2" "--address" "0.0.0.0" "--port" "8100" "--livereload-port" "35729"
18 error node v6.9.2
19 error npm  v3.10.9
20 error file sh
21 error code ELIFECYCLE
22 error errno ENOENT
23 error syscall spawn
24 error ionic-hello-world@ ionic:serve: `ionic-app-scripts serve "--v2" "--address" "0.0.0.0" "--port" "8100" "--livereload-port" "35729"`
24 error spawn ENOENT
25 error Failed at the ionic-hello-world@ ionic:serve script 'ionic-app-scripts serve "--v2" "--address" "0.0.0.0" "--port" "8100" "--livereload-port" "35729"'.
25 error Make sure you have the latest version of node.js and npm installed.
25 error If you do, this is most likely a problem with the ionic-hello-world package,
25 error not with npm itself.
25 error Tell the author that this fails on your system:
25 error     ionic-app-scripts serve "--v2" "--address" "0.0.0.0" "--port" "8100" "--livereload-port" "35729"
25 error You can get information on how to open an issue for this project with:
25 error     npm bugs ionic-hello-world
25 error Or if that isn't available, you can get their info via:
25 error     npm owner ls ionic-hello-world
25 error There is likely additional logging output above.
26 verbose exit [ 1, true ]
